# JRE version: OpenJDK Runtime Environment Corretto-11.0.20.8.1 (11.0.20+8) (build 11.0.20+8-LTS)
# Java VM: OpenJDK 64-Bit Server VM Corretto-11.0.20.8.1 (11.0.20+8-LTS, mixed mode, tiered, compressed oops, g1 gc, windows-amd64)
Heap:
 garbage-first heap   total 262144K, used 43136K [0x00000000e0000000, 0x0000000100000000)
  region size 1024K, 27 young (27648K), 6 survivors (6144K)
 Metaspace       used 39230K, capacity 40175K, committed 40236K, reserved 419840K
  class space    used 5073K, capacity 5455K, committed 5504K, reserved 385024K
GC Heap History (12 events):
Event: 9.115 GC heap before
{Heap before GC invocations=0 (full 0):
 garbage-first heap   total 262144K, used 27648K [0x00000000e0000000, 0x0000000100000000)
  region size 1024K, 24 young (24576K), 0 survivors (0K)
 Metaspace       used 10141K, capacity 10388K, committed 10624K, reserved 395264K
  class space    used 1005K, capacity 1080K, committed 1152K, reserved 385024K
}
Event: 9.119 GC heap after
{Heap after GC invocations=1 (full 0):
 garbage-first heap   total 262144K, used 11105K [0x00000000e0000000, 0x0000000100000000)
  region size 1024K, 3 young (3072K), 3 survivors (3072K)
 Metaspace       used 10141K, capacity 10388K, committed 10624K, reserved 395264K
  class space    used 1005K, capacity 1080K, committed 1152K, reserved 385024K
}
Event: 10.605 GC heap before
{Heap before GC invocations=1 (full 0):
 garbage-first heap   total 262144K, used 32609K [0x00000000e0000000, 0x0000000100000000)
  region size 1024K, 24 young (24576K), 3 survivors (3072K)
 Metaspace       used 11479K, capacity 11730K, committed 11776K, reserved 397312K
  class space    used 1175K, capacity 1250K, committed 1280K, reserved 385024K
}
Event: 10.608 GC heap after
{Heap after GC invocations=2 (full 0):
 garbage-first heap   total 262144K, used 11684K [0x00000000e0000000, 0x0000000100000000)
  region size 1024K, 1 young (1024K), 1 survivors (1024K)
 Metaspace       used 11479K, capacity 11730K, committed 11776K, reserved 397312K
  class space    used 1175K, capacity 1250K, committed 1280K, reserved 385024K
}
Event: 16.198 GC heap before
{Heap before GC invocations=2 (full 0):
 garbage-first heap   total 262144K, used 66980K [0x00000000e0000000, 0x0000000100000000)
  region size 1024K, 55 young (56320K), 1 survivors (1024K)
 Metaspace       used 18288K, capacity 18714K, committed 18944K, reserved 403456K
  class space    used 2080K, capacity 2218K, committed 2304K, reserved 385024K
}
Event: 16.203 GC heap after
{Heap after GC invocations=3 (full 0):
 garbage-first heap   total 262144K, used 18075K [0x00000000e0000000, 0x0000000100000000)
  region size 1024K, 7 young (7168K), 7 survivors (7168K)
 Metaspace       used 18288K, capacity 18714K, committed 18944K, reserved 403456K
  class space    used 2080K, capacity 2218K, committed 2304K, reserved 385024K
}
Event: 16.423 GC heap before
{Heap before GC invocations=3 (full 0):
 garbage-first heap   total 262144K, used 33435K [0x00000000e0000000, 0x0000000100000000)
  region size 1024K, 23 young (23552K), 7 survivors (7168K)
 Metaspace       used 20650K, capacity 21115K, committed 21248K, reserved 405504K
  class space    used 2405K, capacity 2558K, committed 2560K, reserved 385024K
}
Event: 16.428 GC heap after
{Heap after GC invocations=4 (full 0):
 garbage-first heap   total 262144K, used 18921K [0x00000000e0000000, 0x0000000100000000)
  region size 1024K, 1 young (1024K), 1 survivors (1024K)
 Metaspace       used 20650K, capacity 21115K, committed 21248K, reserved 405504K
  class space    used 2405K, capacity 2558K, committed 2560K, reserved 385024K
}
Event: 17.197 GC heap before
{Heap before GC invocations=5 (full 0):
 garbage-first heap   total 262144K, used 91625K [0x00000000e0000000, 0x0000000100000000)
  region size 1024K, 72 young (73728K), 1 survivors (1024K)
 Metaspace       used 26199K, capacity 26873K, committed 27136K, reserved 409600K
  class space    used 3329K, capacity 3566K, committed 3584K, reserved 385024K
}
Event: 17.201 GC heap after
{Heap after GC invocations=6 (full 0):
 garbage-first heap   total 262144K, used 20893K [0x00000000e0000000, 0x0000000100000000)
  region size 1024K, 3 young (3072K), 3 survivors (3072K)
 Metaspace       used 26199K, capacity 26873K, committed 27136K, reserved 409600K
  class space    used 3329K, capacity 3566K, committed 3584K, reserved 385024K
}
Event: 18.398 GC heap before
{Heap before GC invocations=6 (full 0):
 garbage-first heap   total 262144K, used 106909K [0x00000000e0000000, 0x0000000100000000)
  region size 1024K, 88 young (90112K), 3 survivors (3072K)
 Metaspace       used 34618K, capacity 35481K, committed 35628K, reserved 415744K
  class space    used 4596K, capacity 4931K, committed 4992K, reserved 385024K
}
Event: 18.408 GC heap after
{Heap after GC invocations=7 (full 0):
 garbage-first heap   total 262144K, used 23680K [0x00000000e0000000, 0x0000000100000000)
  region size 1024K, 6 young (6144K), 6 survivors (6144K)
 Metaspace       used 34618K, capacity 35481K, committed 35628K, reserved 415744K
  class space    used 4596K, capacity 4931K, committed 4992K, reserved 385024K
}

